Compiling the C compiler identification source file "CMakeCCompilerId.c" failed.
Compiler: /Users/joslin/opt/amax.cdt/amax.cdt/bin/amax-cc 
Build flags: ;-O3;
Id flags:  

The output was:
255
/Users/joslin/opt/amax.cdt/amax.cdt/bin/wasm-ld: error: fatal failure: contract with no actions and trying to create dispatcher


Compiling the CXX compiler identification source file "CMakeCXXCompilerId.cpp" failed.
Compiler: /Users/joslin/opt/amax.cdt/amax.cdt/bin/amax-cpp 
Build flags: ;-O3;
Id flags:  

The output was:
255
/Users/joslin/opt/amax.cdt/amax.cdt/bin/wasm-ld: error: fatal failure: contract with no actions and trying to create dispatcher


Detecting C compiler ABI info failed to compile with the following output:
Change Dir: /Users/joslin/code/workspace/opensource/apollo.contract/build/contracts/CMakeFiles/CMakeTmp

Run Build Command(s):/usr/bin/make -f Makefile cmTC_22ff5/fast && /Library/Developer/CommandLineTools/usr/bin/make  -f CMakeFiles/cmTC_22ff5.dir/build.make CMakeFiles/cmTC_22ff5.dir/build
Building C object CMakeFiles/cmTC_22ff5.dir/CMakeCCompilerABI.c.obj
/Users/joslin/opt/amax.cdt/amax.cdt/bin/amax-cc   -O3     -v -MD -MT CMakeFiles/cmTC_22ff5.dir/CMakeCCompilerABI.c.obj -MF CMakeFiles/cmTC_22ff5.dir/CMakeCCompilerABI.c.obj.d -o CMakeFiles/cmTC_22ff5.dir/CMakeCCompilerABI.c.obj -c /usr/local/Cellar/cmake/3.23.1/share/cmake/Modules/CMakeCCompilerABI.c
clang version 7.0.0 (https://github.com/eosio/clang.git 6b886302a11a8419b76e469794ff9d0c531a4b4b) (git@github.com:eosio/llvm 3c026f8b7813ad693749d3551353a554c5ca33e7)
Target: x86_64-apple-darwin21.2.0
Thread model: posix
InstalledDir: /Users/joslin/opt/amax.cdt/amax.cdt/bin
Linking C executable cmTC_22ff5.wasm
/usr/local/Cellar/cmake/3.23.1/bin/cmake -E cmake_link_script CMakeFiles/cmTC_22ff5.dir/link.txt --verbose=1
/Users/joslin/opt/amax.cdt/amax.cdt/bin/amax-ld -L/usr/local/opt/openssl@1.1/lib -v CMakeFiles/cmTC_22ff5.dir/CMakeCCompilerABI.c.obj -o cmTC_22ff5.wasm 
amax-ld: Unknown command line argument '-v'.  Try: '/Users/joslin/opt/amax.cdt/amax.cdt/bin/amax-ld -help'
amax-ld: Did you mean '-L'?
make[4]: *** [cmTC_22ff5.wasm] Error 1
make[3]: *** [cmTC_22ff5/fast] Error 2




Detecting CXX compiler ABI info failed to compile with the following output:
Change Dir: /Users/joslin/code/workspace/opensource/apollo.contract/build/contracts/CMakeFiles/CMakeTmp

Run Build Command(s):/usr/bin/make -f Makefile cmTC_90683/fast && /Library/Developer/CommandLineTools/usr/bin/make  -f CMakeFiles/cmTC_90683.dir/build.make CMakeFiles/cmTC_90683.dir/build
Building CXX object CMakeFiles/cmTC_90683.dir/CMakeCXXCompilerABI.cpp.obj
/Users/joslin/opt/amax.cdt/amax.cdt/bin/amax-cpp   -O3     -v -MD -MT CMakeFiles/cmTC_90683.dir/CMakeCXXCompilerABI.cpp.obj -MF CMakeFiles/cmTC_90683.dir/CMakeCXXCompilerABI.cpp.obj.d -o CMakeFiles/cmTC_90683.dir/CMakeCXXCompilerABI.cpp.obj -c /usr/local/Cellar/cmake/3.23.1/share/cmake/Modules/CMakeCXXCompilerABI.cpp
clang version 7.0.0 (https://github.com/eosio/clang.git 6b886302a11a8419b76e469794ff9d0c531a4b4b) (git@github.com:eosio/llvm 3c026f8b7813ad693749d3551353a554c5ca33e7)
Target: x86_64-apple-darwin21.2.0
Thread model: posix
InstalledDir: /Users/joslin/opt/amax.cdt/amax.cdt/bin
Linking CXX executable cmTC_90683.wasm
/usr/local/Cellar/cmake/3.23.1/bin/cmake -E cmake_link_script CMakeFiles/cmTC_90683.dir/link.txt --verbose=1
/Users/joslin/opt/amax.cdt/amax.cdt/bin/amax-ld -L/usr/local/opt/openssl@1.1/lib -v CMakeFiles/cmTC_90683.dir/CMakeCXXCompilerABI.cpp.obj -o cmTC_90683.wasm 
amax-ld: Unknown command line argument '-v'.  Try: '/Users/joslin/opt/amax.cdt/amax.cdt/bin/amax-ld -help'
amax-ld: Did you mean '-L'?
make[4]: *** [cmTC_90683.wasm] Error 1
make[3]: *** [cmTC_90683/fast] Error 2




